<?xml version="1.0" encoding="UTF-8"?>
<!-- Generated by org.testng.reporters.JUnitXMLReporter -->
<testsuite hostname="LAPTOP-N0G0NBDP" ignored="0" name="Default test" tests="3" failures="0" timestamp="15 Aug 2021 15:57:32 GMT" time="18.698" errors="0">
  <testcase name="TestWikiHomePage" time="7.858" classname="com.qa.TestNGScripts.Annotations3"/>
  <testcase name="ClickCreateAccount" time="1.504" classname="com.qa.TestNGScripts.Annotations3"/>
  <testcase name="EnterdataTest" time="0.686" classname="com.qa.TestNGScripts.Annotations3"/>
</testsuite> <!-- Default test -->
