<?xml version="1.0" encoding="UTF-8"?>
<!-- Generated by org.testng.reporters.JUnitXMLReporter -->
<testsuite hostname="LAPTOP-N0G0NBDP" ignored="0" name="Test Cycle1" tests="4" failures="0" timestamp="15 Aug 2021 16:02:37 GMT" time="13.064" errors="0">
  <testcase name="CreateEmail" time="0.006" classname="com.qa.TestNGScripts.Annotation1"/>
  <testcase name="CreateEmail13535" time="0.002" classname="com.qa.TestNGScripts.Annotations2"/>
  <testcase name="TestWikiHomePage" time="6.791" classname="com.qa.TestNGScripts.Annotations3"/>
  <testcase name="SearchMethod" time="0.003" classname="com.qa.TestNGScripts.Annotation1"/>
</testsuite> <!-- Test Cycle1 -->
