<?xml version="1.0" encoding="UTF-8"?>
<!-- Generated by org.testng.reporters.JUnitXMLReporter -->
<testsuite hostname="LAPTOP-N0G0NBDP" ignored="0" name="Test3" tests="1" failures="0" timestamp="15 Aug 2021 17:49:16 GMT" time="15.282" errors="0">
  <testcase name="@BeforeClass OpenBrowser" time="15.205" classname="com.qa.TestNGScripts.CrossBrowserTest">
    <failure type="org.openqa.selenium.SessionNotCreatedException" message="session not created: This version of MSEdgeDriver only supports MSEdge version 94
Current browser version is 92.0.902.73 with binary path C:\Program Files (x86)\Microsoft\Edge\Application\msedge.exe
Build info: version: &amp;apos;3.141.59&amp;apos;, revision: &amp;apos;e82be7d358&amp;apos;, time: &amp;apos;2018-11-14T08:17:03&amp;apos;
System info: host: &amp;apos;LAPTOP-N0G0NBDP&amp;apos;, ip: &amp;apos;192.168.1.2&amp;apos;, os.name: &amp;apos;Windows 10&amp;apos;, os.arch: &amp;apos;x86&amp;apos;, os.version: &amp;apos;10.0&amp;apos;, java.version: &amp;apos;1.8.0_191&amp;apos;
Driver info: driver.version: EdgeDriver
remote stacktrace: Backtrace:
	Microsoft::Applications::Events::EventProperty::EventProperty [0x00007FF7DD168BE2+38674]
	Microsoft::Applications::Events::GUID_t::GUID_t [0x00007FF7DCDAEED3+937379]
	Microsoft::Applications::Events::GUID_t::GUID_t [0x00007FF7DCDD91A7+1110135]
	Microsoft::Applications::Events::GUID_t::GUID_t [0x00007FF7DCDD58FE+1095630]
	Microsoft::Applications::Events::GUID_t::GUID_t [0x00007FF7DCDCED46+1068054]
	Microsoft::Applications::Events::GUID_t::GUID_t [0x00007FF7DCE09F31+1310209]
	Microsoft::Applications::Events::GUID_t::GUID_t [0x00007FF7DCE0521F+1290479]
	Microsoft::Applications::Events::GUID_t::GUID_t [0x00007FF7DCDDAFCF+1117855]
	Microsoft::Applications::Events::GUID_t::GUID_t [0x00007FF7DCDDC0CF+1122207]
	Ordinal0 [0x00007FF7DCBF6641+91713]
	Microsoft::Applications::Events::GUID_t::GUID_t [0x00007FF7DCEA7536+1954822]
	Microsoft::Applications::Events::EventProperty::EventProperty [0x00007FF7DD075A49+4121]
	Microsoft::Applications::Events::GUID_t::GUID_t [0x00007FF7DCEA90B9+1961865]
	Microsoft::Applications::Events::EventProperty::EventProperty [0x00007FF7DD145468+50728]
	Microsoft::Applications::Events::EventProperty::EventProperty [0x00007FF7DD144FE4+49572]
	Microsoft::Applications::Events::EventProperty::EventProperty [0x00007FF7DD144E36+49142]
	Microsoft::Applications::Events::DebugEventDispatcher::operator= [0x00007FF7DD11371C+6348]
	BaseThreadInitThunk [0x00007FFD6B3D7034+20]
	RtlUserThreadStart [0x00007FFD6C2E2651+33]
">
      <![CDATA[org.openqa.selenium.SessionNotCreatedException: session not created: This version of MSEdgeDriver only supports MSEdge version 94
Current browser version is 92.0.902.73 with binary path C:\Program Files (x86)\Microsoft\Edge\Application\msedge.exe
Build info: version: '3.141.59', revision: 'e82be7d358', time: '2018-11-14T08:17:03'
System info: host: 'LAPTOP-N0G0NBDP', ip: '192.168.1.2', os.name: 'Windows 10', os.arch: 'x86', os.version: '10.0', java.version: '1.8.0_191'
Driver info: driver.version: EdgeDriver
remote stacktrace: Backtrace:
Microsoft::Applications::Events::EventProperty::EventProperty [0x00007FF7DD168BE2+38674]
Microsoft::Applications::Events::GUID_t::GUID_t [0x00007FF7DCDAEED3+937379]
Microsoft::Applications::Events::GUID_t::GUID_t [0x00007FF7DCDD91A7+1110135]
Microsoft::Applications::Events::GUID_t::GUID_t [0x00007FF7DCDD58FE+1095630]
Microsoft::Applications::Events::GUID_t::GUID_t [0x00007FF7DCDCED46+1068054]
Microsoft::Applications::Events::GUID_t::GUID_t [0x00007FF7DCE09F31+1310209]
Microsoft::Applications::Events::GUID_t::GUID_t [0x00007FF7DCE0521F+1290479]
Microsoft::Applications::Events::GUID_t::GUID_t [0x00007FF7DCDDAFCF+1117855]
Microsoft::Applications::Events::GUID_t::GUID_t [0x00007FF7DCDDC0CF+1122207]
Ordinal0 [0x00007FF7DCBF6641+91713]
Microsoft::Applications::Events::GUID_t::GUID_t [0x00007FF7DCEA7536+1954822]
Microsoft::Applications::Events::EventProperty::EventProperty [0x00007FF7DD075A49+4121]
Microsoft::Applications::Events::GUID_t::GUID_t [0x00007FF7DCEA90B9+1961865]
Microsoft::Applications::Events::EventProperty::EventProperty [0x00007FF7DD145468+50728]
Microsoft::Applications::Events::EventProperty::EventProperty [0x00007FF7DD144FE4+49572]
Microsoft::Applications::Events::EventProperty::EventProperty [0x00007FF7DD144E36+49142]
Microsoft::Applications::Events::DebugEventDispatcher::operator= [0x00007FF7DD11371C+6348]
BaseThreadInitThunk [0x00007FFD6B3D7034+20]
RtlUserThreadStart [0x00007FFD6C2E2651+33]

at org.openqa.selenium.remote.W3CHandshakeResponse.lambda$errorHandler$0(W3CHandshakeResponse.java:62)
at org.openqa.selenium.remote.HandshakeResponse.lambda$getResponseFunction$0(HandshakeResponse.java:30)
at org.openqa.selenium.remote.ProtocolHandshake.lambda$createSession$0(ProtocolHandshake.java:126)
at java.util.stream.ReferencePipeline$3$1.accept(Unknown Source)
at java.util.Spliterators$ArraySpliterator.tryAdvance(Unknown Source)
at java.util.stream.ReferencePipeline.forEachWithCancel(Unknown Source)
at java.util.stream.AbstractPipeline.copyIntoWithCancel(Unknown Source)
at java.util.stream.AbstractPipeline.copyInto(Unknown Source)
at java.util.stream.AbstractPipeline.wrapAndCopyInto(Unknown Source)
at java.util.stream.FindOps$FindOp.evaluateSequential(Unknown Source)
at java.util.stream.AbstractPipeline.evaluate(Unknown Source)
at java.util.stream.ReferencePipeline.findFirst(Unknown Source)
at org.openqa.selenium.remote.ProtocolHandshake.createSession(ProtocolHandshake.java:128)
at org.openqa.selenium.remote.ProtocolHandshake.createSession(ProtocolHandshake.java:74)
at org.openqa.selenium.remote.HttpCommandExecutor.execute(HttpCommandExecutor.java:136)
at org.openqa.selenium.remote.service.DriverCommandExecutor.execute(DriverCommandExecutor.java:83)
at org.openqa.selenium.remote.RemoteWebDriver.execute(RemoteWebDriver.java:552)
at org.openqa.selenium.remote.RemoteWebDriver.startSession(RemoteWebDriver.java:213)
at org.openqa.selenium.remote.RemoteWebDriver.<init>(RemoteWebDriver.java:131)
at org.openqa.selenium.edge.EdgeDriver.<init>(EdgeDriver.java:141)
at org.openqa.selenium.edge.EdgeDriver.<init>(EdgeDriver.java:96)
at com.qa.TestNGScripts.CrossBrowserTest.OpenBrowser(CrossBrowserTest.java:37)
... Removed 30 stack frames]]>
    </failure>
  </testcase> <!-- @BeforeClass OpenBrowser -->
  <testcase name="TestWikiHomePage" time="0.0" classname="com.qa.TestNGScripts.CrossBrowserTest">
    <skipped/>
  </testcase> <!-- TestWikiHomePage -->
</testsuite> <!-- Test3 -->
