<?xml version="1.0" encoding="UTF-8"?>
<!-- Generated by org.testng.reporters.JUnitXMLReporter -->
<testsuite hostname="LAPTOP-N0G0NBDP" ignored="3" name="MailboxTest" tests="6" failures="0" timestamp="15 Aug 2021 16:42:35 GMT" time="0.136" errors="0">
  <testcase name="ComposeTest" time="0.043" classname="com.qa.TestNGScripts.TestNGGroups"/>
  <testcase name="Subjetctest" time="0.002" classname="com.qa.TestNGScripts.TestNGGroups"/>
  <testcase name="SendButtonTest" time="0.002" classname="com.qa.TestNGScripts.TestNGGroups"/>
  <testcase name="SearchEmailTest" time="0.006" classname="com.qa.TestNGScripts.TestNGGroups"/>
  <testcase name="OpenEmailtest" time="0.003" classname="com.qa.TestNGScripts.TestNGGroups"/>
  <testcase name="ModifyEmail" time="0.004" classname="com.qa.TestNGScripts.TestNGGroups"/>
  <testcase name="SelectEmails" time="0.0" classname="com.qa.TestNGScripts.TestNGGroups">
    <ignored/>
  </testcase> <!-- SelectEmails -->
  <testcase name="ThrashEmail" time="0.0" classname="com.qa.TestNGScripts.TestNGGroups">
    <ignored/>
  </testcase> <!-- ThrashEmail -->
  <testcase name="SearchEmailTest1" time="0.0" classname="com.qa.TestNGScripts.TestNGGroups">
    <ignored/>
  </testcase> <!-- SearchEmailTest1 -->
</testsuite> <!-- MailboxTest -->
