<?xml version="1.0" encoding="UTF-8"?>
<testng-results skipped="0" failed="0" ignored="0" total="1" passed="1">
  <reporter-output>
  </reporter-output>
  <suite name="Default suite" duration-ms="16924" started-at="2021-08-21T11:44:47Z" finished-at="2021-08-21T11:45:04Z">
    <groups>
    </groups>
    <test name="Default test" duration-ms="16924" started-at="2021-08-21T11:44:47Z" finished-at="2021-08-21T11:45:04Z">
      <class name="instructrScripts.SwitchWindow">
        <test-method status="PASS" signature="WindowHandlesDemo()[pri:0, instance:instructrScripts.SwitchWindow@101b7af]" name="WindowHandlesDemo" duration-ms="16852" started-at="2021-08-21T11:44:47Z" finished-at="2021-08-21T11:45:04Z">
          <reporter-output>
          </reporter-output>
        </test-method> <!-- WindowHandlesDemo -->
      </class> <!-- instructrScripts.SwitchWindow -->
    </test> <!-- Default test -->
  </suite> <!-- Default suite -->
</testng-results>
