<?xml version="1.0" encoding="UTF-8"?>
<testng-results skipped="0" failed="0" ignored="0" total="1" passed="1">
  <reporter-output>
  </reporter-output>
  <suite name="Default suite" duration-ms="8674" started-at="2021-08-28T13:50:08Z" finished-at="2021-08-28T13:50:17Z">
    <groups>
    </groups>
    <test name="Default test" duration-ms="8674" started-at="2021-08-28T13:50:08Z" finished-at="2021-08-28T13:50:17Z">
      <class name="instructrScripts.Scrolling">
        <test-method status="PASS" signature="scrolling()[pri:0, instance:instructrScripts.Scrolling@1275dab]" name="scrolling" duration-ms="8611" started-at="2021-08-28T13:50:08Z" finished-at="2021-08-28T13:50:17Z">
          <reporter-output>
          </reporter-output>
        </test-method> <!-- scrolling -->
      </class> <!-- instructrScripts.Scrolling -->
    </test> <!-- Default test -->
  </suite> <!-- Default suite -->
</testng-results>
